"V:/UnrealProjects/MineCrafty/Content/FirstPerson/Meshes/BaseMaterial.uasset" 0
"V:/UnrealProjects/MineCrafty/Content/FirstPerson/Meshes/BaseMaterial.uexp" 1
"V:/UnrealProjects/MineCrafty/Content/FirstPerson/Meshes/CubeMaterialOverride.uasset" 2
"V:/UnrealProjects/MineCrafty/Content/FirstPerson/Meshes/CubeMaterialOverride.uexp" 3
"V:/UnrealProjects/MineCrafty/Content/FirstPerson/Meshes/FirstPersonProjectileMaterial.uasset" 4
"V:/UnrealProjects/MineCrafty/Content/FirstPerson/Meshes/FirstPersonProjectileMaterial.uexp" 5
"V:/UnrealProjects/MineCrafty/Content/FirstPerson/Meshes/FirstPersonProjectileMesh.uasset" 6
"V:/UnrealProjects/MineCrafty/Content/FirstPerson/Meshes/FirstPersonProjectileMesh.uexp" 7
"V:/UnrealProjects/MineCrafty/Content/FirstPerson/Textures/FirstPersonCrosshair.uasset" 8
"V:/UnrealProjects/MineCrafty/Content/FirstPerson/Textures/FirstPersonCrosshair.uexp" 9
"V:/UnrealProjects/MineCrafty/Content/Geometry/Meshes/CubeMaterial.uasset" 10
"V:/UnrealProjects/MineCrafty/Content/Geometry/Meshes/CubeMaterial.uexp" 11
"V:/UnrealProjects/MineCrafty/Content/Geometry/Meshes/1M_Cube_Chamfer.uasset" 12
"V:/UnrealProjects/MineCrafty/Content/Geometry/Meshes/1M_Cube_Chamfer.uexp" 13
"V:/UnrealProjects/MineCrafty/Content/Geometry/Meshes/TemplateFloor.uasset" 14
"V:/UnrealProjects/MineCrafty/Content/Geometry/Meshes/TemplateFloor.uexp" 15
"V:/UnrealProjects/MineCrafty/Content/Splash/EdSplash.uasset" 16
"V:/UnrealProjects/MineCrafty/Content/Splash/EdSplash.uexp" 17
"V:/UnrealProjects/MineCrafty/Content/Splash/Splash.uasset" 18
"V:/UnrealProjects/MineCrafty/Content/Splash/Splash.uexp" 19
"../../../Engine/Content/Animation/DefaultAnimBoneCompressionSettings.uasset" 20
"../../../Engine/Content/Animation/DefaultAnimBoneCompressionSettings.uexp" 21
"../../../Engine/Content/Animation/DefaultAnimCurveCompressionSettings.uasset" 22
"../../../Engine/Content/Animation/DefaultAnimCurveCompressionSettings.uexp" 23
"../../../Engine/Content/EngineMaterials/T_Default_Material_Grid_N.uasset" 24
"../../../Engine/Content/EngineMaterials/T_Default_Material_Grid_N.uexp" 25
"../../../Engine/Content/EngineMaterials/T_Default_Material_Grid_N.ubulk" 26
"../../../Engine/Content/EngineMaterials/T_Default_Material_Grid_M.uasset" 27
"../../../Engine/Content/EngineMaterials/T_Default_Material_Grid_M.uexp" 28
"../../../Engine/Content/EngineMaterials/T_Default_Material_Grid_M.ubulk" 29
"../../../Engine/Content/Functions/Engine_MaterialFunctions01/Opacity/CameraDepthFade.uasset" 30
"../../../Engine/Content/Functions/Engine_MaterialFunctions01/Opacity/CameraDepthFade.uexp" 31
"../../../Engine/Content/EngineMaterials/WorldGridMaterial.uasset" 32
"../../../Engine/Content/EngineMaterials/WorldGridMaterial.uexp" 33
"../../../Engine/Content/ArtTools/RenderToTexture/Meshes/S_1_Unit_Plane.uasset" 34
"../../../Engine/Content/ArtTools/RenderToTexture/Meshes/S_1_Unit_Plane.uexp" 35
"../../../Engine/Content/EngineMaterials/DefaultMaterial.uasset" 36
"../../../Engine/Content/EngineMaterials/DefaultMaterial.uexp" 37
"../../../Engine/Content/BasicShapes/Cone.uasset" 38
"../../../Engine/Content/BasicShapes/Cone.uexp" 39
"../../../Engine/Content/BasicShapes/Cube.uasset" 40
"../../../Engine/Content/BasicShapes/Cube.uexp" 41
"../../../Engine/Content/BasicShapes/Plane.uasset" 42
"../../../Engine/Content/BasicShapes/Plane.uexp" 43
"../../../Engine/Content/BasicShapes/Sphere.uasset" 44
"../../../Engine/Content/BasicShapes/Sphere.uexp" 45
"../../../Engine/Content/EditorLandscapeResources/DataLayer.uasset" 46
"../../../Engine/Content/EditorLandscapeResources/DataLayer.uexp" 47
"../../../Engine/Content/EditorLandscapeResources/DefaultAlphaTexture.uasset" 48
"../../../Engine/Content/EditorLandscapeResources/DefaultAlphaTexture.uexp" 49
"../../../Engine/Content/EditorMaterials/MAT_Groups_Toggle.uasset" 50
"../../../Engine/Content/EditorMaterials/MAT_Groups_Toggle.uexp" 51
"../../../Engine/Content/EditorMaterials/MAT_Groups_Visibility.uasset" 52
"../../../Engine/Content/EditorMaterials/MAT_Groups_Visibility.uexp" 53
"../../../Engine/Content/EditorMaterials/PreviewShadowIndicator.uasset" 54
"../../../Engine/Content/EditorMaterials/PreviewShadowIndicator.uexp" 55
"../../../Engine/Content/EditorMaterials/PreviewShadowIndicator.ubulk" 56
"../../../Engine/Content/EditorMaterials/PreviewShadowIndicatorMaterial.uasset" 57
"../../../Engine/Content/EditorMaterials/PreviewShadowIndicatorMaterial.uexp" 58
"../../../Engine/Content/EditorMaterials/MatineeGroups/MAT_ColorTrack.uasset" 59
"../../../Engine/Content/EditorMaterials/MatineeGroups/MAT_ColorTrack.uexp" 60
"../../../Engine/Content/EditorMaterials/MatineeGroups/MAT_Groups_Anim.uasset" 61
"../../../Engine/Content/EditorMaterials/MatineeGroups/MAT_Groups_Anim.uexp" 62
"../../../Engine/Content/EditorMaterials/MatineeGroups/MAT_Groups_AudioMaster.uasset" 63
"../../../Engine/Content/EditorMaterials/MatineeGroups/MAT_Groups_AudioMaster.uexp" 64
"../../../Engine/Content/EditorMaterials/MatineeGroups/MAT_Groups_Director.uasset" 65
"../../../Engine/Content/EditorMaterials/MatineeGroups/MAT_Groups_Director.uexp" 66
"../../../Engine/Content/EditorMaterials/MatineeGroups/MAT_Groups_Event.uasset" 67
"../../../Engine/Content/EditorMaterials/MatineeGroups/MAT_Groups_Event.uexp" 68
"../../../Engine/Content/EditorMaterials/MatineeGroups/MAT_Groups_Fade.uasset" 69
"../../../Engine/Content/EditorMaterials/MatineeGroups/MAT_Groups_Fade.uexp" 70
"../../../Engine/Content/EditorMaterials/MatineeGroups/MAT_Groups_Float.uasset" 71
"../../../Engine/Content/EditorMaterials/MatineeGroups/MAT_Groups_Float.uexp" 72
"../../../Engine/Content/EditorMaterials/MatineeGroups/MAT_Groups_Move.uasset" 73
"../../../Engine/Content/EditorMaterials/MatineeGroups/MAT_Groups_Move.uexp" 74
"../../../Engine/Content/EditorMaterials/MatineeGroups/MAT_Groups_Slomo.uasset" 75
"../../../Engine/Content/EditorMaterials/MatineeGroups/MAT_Groups_Slomo.uexp" 76
"../../../Engine/Content/EditorMaterials/MatineeGroups/MAT_Groups_Sound.uasset" 77
"../../../Engine/Content/EditorMaterials/MatineeGroups/MAT_Groups_Sound.uexp" 78
"../../../Engine/Content/EditorMaterials/MatineeGroups/MAT_Groups_Vector.uasset" 79
"../../../Engine/Content/EditorMaterials/MatineeGroups/MAT_Groups_Vector.uexp" 80
"../../../Engine/Content/EditorMaterials/ParticleSystems/PSysThumbnail_NoImage.uasset" 81
"../../../Engine/Content/EditorMaterials/ParticleSystems/PSysThumbnail_NoImage.uexp" 82
"../../../Engine/Content/EditorMaterials/ParticleSystems/PSysThumbnail_NoImage.ubulk" 83
"../../../Engine/Content/EditorMaterials/ParticleSystems/PSysThumbnail_OOD.uasset" 84
"../../../Engine/Content/EditorMaterials/ParticleSystems/PSysThumbnail_OOD.uexp" 85
"../../../Engine/Content/EditorMaterials/ParticleSystems/PSysThumbnail_OOD.ubulk" 86
"../../../Engine/Content/EditorMaterials/Camera/CineMat.uasset" 87
"../../../Engine/Content/EditorMaterials/Camera/CineMat.uexp" 88
"../../../Engine/Content/EditorMaterials/Camera/MI_CineMat_Rig.uasset" 89
"../../../Engine/Content/EditorMaterials/Camera/MI_CineMat_Rig.uexp" 90
"../../../Engine/Content/EditorMeshes/Camera/SM_CraneRig_Arm.uasset" 91
"../../../Engine/Content/EditorMeshes/Camera/SM_CraneRig_Arm.uexp" 92
"../../../Engine/Content/EditorMeshes/Camera/SM_CraneRig_Base.uasset" 93
"../../../Engine/Content/EditorMeshes/Camera/SM_CraneRig_Base.uexp" 94
"../../../Engine/Content/EditorMeshes/Camera/SM_CraneRig_Body.uasset" 95
"../../../Engine/Content/EditorMeshes/Camera/SM_CraneRig_Body.uexp" 96
"../../../Engine/Content/EditorMeshes/Camera/SM_CraneRig_Mount.uasset" 97
"../../../Engine/Content/EditorMeshes/Camera/SM_CraneRig_Mount.uexp" 98
"../../../Engine/Content/EditorMeshes/Camera/SM_RailRig_Mount.uasset" 99
"../../../Engine/Content/EditorMeshes/Camera/SM_RailRig_Mount.uexp" 100
"../../../Engine/Content/EditorMeshes/Camera/SM_RailRig_Track.uasset" 101
"../../../Engine/Content/EditorMeshes/Camera/SM_RailRig_Track.uexp" 102
"../../../Engine/Content/EditorResources/BSPVertex.uasset" 103
"../../../Engine/Content/EditorResources/BSPVertex.uexp" 104
"../../../Engine/Content/EditorResources/EmptyActor.uasset" 105
"../../../Engine/Content/EditorResources/EmptyActor.uexp" 106
"../../../Engine/Content/EditorResources/S_Actor.uasset" 107
"../../../Engine/Content/EditorResources/S_Actor.uexp" 108
"../../../Engine/Content/EditorResources/S_Actor.ubulk" 109
"../../../Engine/Content/EditorResources/S_Note.uasset" 110
"../../../Engine/Content/EditorResources/S_Note.uexp" 111
"../../../Engine/Content/EditorResources/S_Note.ubulk" 112
"../../../Engine/Content/EditorResources/S_Solver.uasset" 113
"../../../Engine/Content/EditorResources/S_Solver.uexp" 114
"../../../Engine/Content/EditorResources/S_Solver.ubulk" 115
"../../../Engine/Content/EditorResources/S_Terrain.uasset" 116
"../../../Engine/Content/EditorResources/S_Terrain.uexp" 117
"../../../Engine/Content/EditorResources/S_Terrain.ubulk" 118
"../../../Engine/Content/EditorResources/S_Trigger.uasset" 119
"../../../Engine/Content/EditorResources/S_Trigger.uexp" 120
"../../../Engine/Content/EditorResources/S_Trigger.ubulk" 121
"../../../Engine/Content/EditorResources/LightIcons/S_LightError.uasset" 122
"../../../Engine/Content/EditorResources/LightIcons/S_LightError.uexp" 123
"../../../Engine/Content/EditorResources/SequenceRecorder/Countdown.uasset" 124
"../../../Engine/Content/EditorResources/SequenceRecorder/Countdown.uexp" 125
"../../../Engine/Content/EditorResources/SequenceRecorder/RecordingIndicator.uasset" 126
"../../../Engine/Content/EditorResources/SequenceRecorder/RecordingIndicator.uexp" 127
"../../../Engine/Content/EngineDamageTypes/DmgTypeBP_Environmental.uasset" 128
"../../../Engine/Content/EngineDamageTypes/DmgTypeBP_Environmental.uexp" 129
"../../../Engine/Content/EngineDebugMaterials/DebugEditorMaterial.uasset" 130
"../../../Engine/Content/EngineDebugMaterials/DebugEditorMaterial.uexp" 131
"../../../Engine/Content/EngineDebugMaterials/DebugMeshMaterial.uasset" 132
"../../../Engine/Content/EngineDebugMaterials/DebugMeshMaterial.uexp" 133
"../../../Engine/Content/EngineDebugMaterials/M_SimpleUnlitTranslucent.uasset" 134
"../../../Engine/Content/EngineDebugMaterials/M_SimpleUnlitTranslucent.uexp" 135
"../../../Engine/Content/EngineDebugMaterials/VolumeToRender.uasset" 136
"../../../Engine/Content/EngineDebugMaterials/VolumeToRender.uexp" 137
"../../../Engine/Content/Functions/Engine_MaterialFunctions02/Utility/CameraDirectionVector.uasset" 138
"../../../Engine/Content/Functions/Engine_MaterialFunctions02/Utility/CameraDirectionVector.uexp" 139
"../../../Engine/Content/EngineDebugMaterials/M_VolumeRenderSphereTracePP.uasset" 140
"../../../Engine/Content/EngineDebugMaterials/M_VolumeRenderSphereTracePP.uexp" 141
"../../../Engine/Content/Functions/Engine_MaterialFunctions01/Shading/ConvertFromDiffSpec.uasset" 142
"../../../Engine/Content/Functions/Engine_MaterialFunctions01/Shading/ConvertFromDiffSpec.uexp" 143
"../../../Engine/Content/EngineDebugMaterials/VertexColorMaterial.uasset" 144
"../../../Engine/Content/EngineDebugMaterials/VertexColorMaterial.uexp" 145
"../../../Engine/Content/EngineDebugMaterials/WireframeMaterial.uasset" 146
"../../../Engine/Content/EngineDebugMaterials/WireframeMaterial.uexp" 147
"../../../Engine/Content/EngineFonts/Faces/RobotoRegular.uasset" 148
"../../../Engine/Content/EngineFonts/Faces/RobotoRegular.uexp" 149
"../../../Engine/Content/EngineFonts/Faces/RobotoRegular.ufont" 150
"../../../Engine/Content/EngineFonts/Faces/RobotoLight.uasset" 151
"../../../Engine/Content/EngineFonts/Faces/RobotoLight.uexp" 152
"../../../Engine/Content/EngineFonts/Faces/RobotoLight.ufont" 153
"../../../Engine/Content/EngineFonts/Faces/RobotoItalic.uasset" 154
"../../../Engine/Content/EngineFonts/Faces/RobotoItalic.uexp" 155
"../../../Engine/Content/EngineFonts/Faces/RobotoItalic.ufont" 156
"../../../Engine/Content/EngineFonts/Faces/RobotoBoldItalic.uasset" 157
"../../../Engine/Content/EngineFonts/Faces/RobotoBoldItalic.uexp" 158
"../../../Engine/Content/EngineFonts/Faces/RobotoBoldItalic.ufont" 159
"../../../Engine/Content/EngineFonts/Faces/RobotoBold.uasset" 160
"../../../Engine/Content/EngineFonts/Faces/RobotoBold.uexp" 161
"../../../Engine/Content/EngineFonts/Faces/RobotoBold.ufont" 162
"../../../Engine/Content/EngineFonts/Faces/DroidSansFallback.uasset" 163
"../../../Engine/Content/EngineFonts/Faces/DroidSansFallback.uexp" 164
"../../../Engine/Content/EngineFonts/Faces/DroidSansFallback.ufont" 165
"../../../Engine/Content/EngineFonts/Roboto.uasset" 166
"../../../Engine/Content/EngineFonts/Roboto.uexp" 167
"../../../Engine/Content/EngineMaterials/BaseFlattenNormalMap.uasset" 168
"../../../Engine/Content/EngineMaterials/BaseFlattenNormalMap.uexp" 169
"../../../Engine/Content/EngineMaterials/BaseFlattenGrayscaleMap.uasset" 170
"../../../Engine/Content/EngineMaterials/BaseFlattenGrayscaleMap.uexp" 171
"../../../Engine/Content/EngineMaterials/BaseFlattenEmissiveMap.uasset" 172
"../../../Engine/Content/EngineMaterials/BaseFlattenEmissiveMap.uexp" 173
"../../../Engine/Content/EngineMaterials/BaseFlattenDiffuseMap.uasset" 174
"../../../Engine/Content/EngineMaterials/BaseFlattenDiffuseMap.uexp" 175
"../../../Engine/Content/EngineMaterials/BaseFlattenMaterial.uasset" 176
"../../../Engine/Content/EngineMaterials/BaseFlattenMaterial.uexp" 177
"../../../Engine/Content/EngineMaterials/BlueNoise.uasset" 178
"../../../Engine/Content/EngineMaterials/BlueNoise.uexp" 179
"../../../Engine/Content/EngineMaterials/DefaultBloomKernel.uasset" 180
"../../../Engine/Content/EngineMaterials/DefaultBloomKernel.uexp" 181
"../../../Engine/Content/EngineMaterials/DefaultBokeh.uasset" 182
"../../../Engine/Content/EngineMaterials/DefaultBokeh.uexp" 183
"../../../Engine/Content/EngineMaterials/DefaultDiffuse.uasset" 184
"../../../Engine/Content/EngineMaterials/DefaultDiffuse.uexp" 185
"../../../Engine/Content/EngineMaterials/DefaultDiffuse.ubulk" 186
"../../../Engine/Content/EngineMaterials/DefaultDeferredDecalMaterial.uasset" 187
"../../../Engine/Content/EngineMaterials/DefaultDeferredDecalMaterial.uexp" 188
"../../../Engine/Content/EngineMaterials/DefaultLightFunctionMaterial.uasset" 189
"../../../Engine/Content/EngineMaterials/DefaultLightFunctionMaterial.uexp" 190
"../../../Engine/Content/EngineMaterials/DefaultPhysicalMaterial.uasset" 191
"../../../Engine/Content/EngineMaterials/DefaultPhysicalMaterial.uexp" 192
"../../../Engine/Content/Functions/Engine_MaterialFunctions02/Utility/BreakOutFloat2Components.uasset" 193
"../../../Engine/Content/Functions/Engine_MaterialFunctions02/Utility/BreakOutFloat2Components.uexp" 194
"../../../Engine/Content/EngineMaterials/DefaultPostProcessMaterial.uasset" 195
"../../../Engine/Content/EngineMaterials/DefaultPostProcessMaterial.uexp" 196
"../../../Engine/Content/EngineFonts/RobotoDistanceField.uasset" 197
"../../../Engine/Content/EngineFonts/RobotoDistanceField.uexp" 198
"../../../Engine/Content/EngineMaterials/DefaultTextMaterialOpaque.uasset" 199
"../../../Engine/Content/EngineMaterials/DefaultTextMaterialOpaque.uexp" 200
"../../../Engine/Content/EngineMaterials/DefaultWhiteGrid.uasset" 201
"../../../Engine/Content/EngineMaterials/DefaultWhiteGrid.uexp" 202
"../../../Engine/Content/EngineMaterials/DefaultWhiteGrid.ubulk" 203
"../../../Engine/Content/EngineMaterials/DefaultWhiteGrid_Low.uasset" 204
"../../../Engine/Content/EngineMaterials/DefaultWhiteGrid_Low.uexp" 205
"../../../Engine/Content/EngineMaterials/EmissiveMeshMaterial.uasset" 206
"../../../Engine/Content/EngineMaterials/EmissiveMeshMaterial.uexp" 207
"../../../Engine/Content/EngineMaterials/GizmoMaterial.uasset" 208
"../../../Engine/Content/EngineMaterials/GizmoMaterial.uexp" 209
"../../../Engine/Content/EngineMaterials/Good64x64TilingNoiseHighFreq.uasset" 210
"../../../Engine/Content/EngineMaterials/Good64x64TilingNoiseHighFreq.uexp" 211
"../../../Engine/Content/EngineMaterials/MiniFont.uasset" 212
"../../../Engine/Content/EngineMaterials/MiniFont.uexp" 213
"../../../Engine/Content/EngineMaterials/InvalidLightmapSettings.uasset" 214
"../../../Engine/Content/EngineMaterials/InvalidLightmapSettings.uexp" 215
"../../../Engine/Content/EngineMaterials/InvalidLightmapSettings.ubulk" 216
"../../../Engine/Content/EngineMaterials/M_InvalidLightmapSettings.uasset" 217
"../../../Engine/Content/EngineMaterials/M_InvalidLightmapSettings.uexp" 218
"../../../Engine/Content/Functions/Engine_MaterialFunctions02/WorldPositionOffset/CameraOffset.uasset" 219
"../../../Engine/Content/Functions/Engine_MaterialFunctions02/WorldPositionOffset/CameraOffset.uexp" 220
"../../../Engine/Content/EngineMaterials/PhAT_JointLimitMaterial.uasset" 221
"../../../Engine/Content/EngineMaterials/PhAT_JointLimitMaterial.uexp" 222
"../../../Engine/Content/EngineMaterials/DefaultCalibrationColor.uasset" 223
"../../../Engine/Content/EngineMaterials/DefaultCalibrationColor.uexp" 224
"../../../Engine/Content/EngineMaterials/PPM_DefaultCalibrationColor.uasset" 225
"../../../Engine/Content/EngineMaterials/PPM_DefaultCalibrationColor.uexp" 226
"../../../Engine/Content/EngineMaterials/DefaultCalibrationGrayscale.uasset" 227
"../../../Engine/Content/EngineMaterials/DefaultCalibrationGrayscale.uexp" 228
"../../../Engine/Content/EngineMaterials/PPM_DefaultCalibrationGrayscale.uasset" 229
"../../../Engine/Content/EngineMaterials/PPM_DefaultCalibrationGrayscale.uexp" 230
"../../../Engine/Content/EngineMaterials/PreintegratedSkinBRDF.uasset" 231
"../../../Engine/Content/EngineMaterials/PreintegratedSkinBRDF.uexp" 232
"../../../Engine/Content/EngineMaterials/RemoveSurfaceMaterial.uasset" 233
"../../../Engine/Content/EngineMaterials/RemoveSurfaceMaterial.uexp" 234
"../../../Engine/Content/EngineMaterials/WeightMapPlaceholderTexture.uasset" 235
"../../../Engine/Content/EngineMaterials/WeightMapPlaceholderTexture.uexp" 236
"../../../Engine/Content/EngineResources/WhiteSquareTexture.uasset" 237
"../../../Engine/Content/EngineResources/WhiteSquareTexture.uexp" 238
"../../../Engine/Content/EngineMaterials/Widget3DPassThrough.uasset" 239
"../../../Engine/Content/EngineMaterials/Widget3DPassThrough.uexp" 240
"../../../Engine/Content/EngineMaterials/Widget3DPassThrough_Masked.uasset" 241
"../../../Engine/Content/EngineMaterials/Widget3DPassThrough_Masked.uexp" 242
"../../../Engine/Content/EngineMaterials/Widget3DPassThrough_Opaque.uasset" 243
"../../../Engine/Content/EngineMaterials/Widget3DPassThrough_Opaque.uexp" 244
"../../../Engine/Content/EngineMaterials/Widget3DPassThrough_Masked_OneSided.uasset" 245
"../../../Engine/Content/EngineMaterials/Widget3DPassThrough_Masked_OneSided.uexp" 246
"../../../Engine/Content/EngineMaterials/Widget3DPassThrough_Opaque_OneSided.uasset" 247
"../../../Engine/Content/EngineMaterials/Widget3DPassThrough_Opaque_OneSided.uexp" 248
"../../../Engine/Content/EngineMaterials/Widget3DPassThrough_Translucent.uasset" 249
"../../../Engine/Content/EngineMaterials/Widget3DPassThrough_Translucent.uexp" 250
"../../../Engine/Content/EngineMaterials/Widget3DPassThrough_Translucent_OneSided.uasset" 251
"../../../Engine/Content/EngineMaterials/Widget3DPassThrough_Translucent_OneSided.uexp" 252
"../../../Engine/Content/EngineMeshes/Cylinder.uasset" 253
"../../../Engine/Content/EngineMeshes/Cylinder.uexp" 254
"../../../Engine/Content/EngineMeshes/Sphere.uasset" 255
"../../../Engine/Content/EngineMeshes/Sphere.uexp" 256
"../../../Engine/Content/EngineResources/DefaultTexture.uasset" 257
"../../../Engine/Content/EngineResources/DefaultTexture.uexp" 258
"../../../Engine/Content/EngineResources/DefaultTexture.ubulk" 259
"../../../Engine/Content/EngineResources/DefaultTextureCube.uasset" 260
"../../../Engine/Content/EngineResources/DefaultTextureCube.uexp" 261
"../../../Engine/Content/EngineResources/DefaultVolumeTexture2D.uasset" 262
"../../../Engine/Content/EngineResources/DefaultVolumeTexture2D.uexp" 263
"../../../Engine/Content/EngineResources/DefaultVolumeTexture.uasset" 264
"../../../Engine/Content/EngineResources/DefaultVolumeTexture.uexp" 265
"../../../Engine/Content/EngineResources/GradientTexture0.uasset" 266
"../../../Engine/Content/EngineResources/GradientTexture0.uexp" 267
"../../../Engine/Content/EngineSky/VolumetricClouds/T_NoiseShape64.uasset" 268
"../../../Engine/Content/EngineSky/VolumetricClouds/T_NoiseShape64.uexp" 269
"../../../Engine/Content/EngineSky/VolumetricClouds/T_NoiseShape64.ubulk" 270
"../../../Engine/Content/EngineSky/VolumetricClouds/T_VolumeNoiseShape64.uasset" 271
"../../../Engine/Content/EngineSky/VolumetricClouds/T_VolumeNoiseShape64.uexp" 272
"../../../Engine/Content/EngineSky/VolumetricClouds/T_NoiseErosion.uasset" 273
"../../../Engine/Content/EngineSky/VolumetricClouds/T_NoiseErosion.uexp" 274
"../../../Engine/Content/EngineSky/VolumetricClouds/T_NoiseErosion.ubulk" 275
"../../../Engine/Content/EngineSky/VolumetricClouds/T_VolumeNoiseErosion32.uasset" 276
"../../../Engine/Content/EngineSky/VolumetricClouds/T_VolumeNoiseErosion32.uexp" 277
"../../../Engine/Content/EngineSky/VolumetricClouds/CloudWeatherTexture.uasset" 278
"../../../Engine/Content/EngineSky/VolumetricClouds/CloudWeatherTexture.uexp" 279
"../../../Engine/Content/EngineSky/VolumetricClouds/CloudGradientTexture.uasset" 280
"../../../Engine/Content/EngineSky/VolumetricClouds/CloudGradientTexture.uexp" 281
"../../../Engine/Content/Functions/Engine_MaterialFunctions02/Utility/MakeFloat2.uasset" 282
"../../../Engine/Content/Functions/Engine_MaterialFunctions02/Utility/MakeFloat2.uexp" 283
"../../../Engine/Content/EngineSky/VolumetricClouds/m_SimpleVolumetricCloud.uasset" 284
"../../../Engine/Content/EngineSky/VolumetricClouds/m_SimpleVolumetricCloud.uexp" 285
"../../../Engine/Content/EngineSky/VolumetricClouds/m_SimpleVolumetricCloud_Inst.uasset" 286
"../../../Engine/Content/EngineSky/VolumetricClouds/m_SimpleVolumetricCloud_Inst.uexp" 287
"../../../Engine/Content/EngineSounds/Master.uasset" 288
"../../../Engine/Content/EngineSounds/Master.uexp" 289
"../../../Engine/Content/Functions/Engine_MaterialFunctions01/Shading/PowerToRoughness.uasset" 290
"../../../Engine/Content/Functions/Engine_MaterialFunctions01/Shading/PowerToRoughness.uexp" 291
"../../../Engine/Content/Maps/Templates/Thumbnails/Default.uasset" 292
"../../../Engine/Content/Maps/Templates/Thumbnails/Default.uexp" 293
"../../../Engine/Content/Maps/Templates/Thumbnails/TimeOfDay.uasset" 294
"../../../Engine/Content/Maps/Templates/Thumbnails/TimeOfDay.uexp" 295
"../../../Engine/Content/Maps/Templates/Thumbnails/VR-Basic.uasset" 296
"../../../Engine/Content/Maps/Templates/Thumbnails/VR-Basic.uexp" 297
"../../../Engine/Content/MobileResources/T_MobileControls_texture.uasset" 298
"../../../Engine/Content/MobileResources/T_MobileControls_texture.uexp" 299
"../../../Engine/Content/MobileResources/T_MobileMenu2.uasset" 300
"../../../Engine/Content/MobileResources/T_MobileMenu2.uexp" 301
"../../../Engine/Content/MobileResources/HUD/AnalogHat.uasset" 302
"../../../Engine/Content/MobileResources/HUD/AnalogHat.uexp" 303
"../../../Engine/Content/MobileResources/HUD/VirtualJoystick_Thumb.uasset" 304
"../../../Engine/Content/MobileResources/HUD/VirtualJoystick_Thumb.uexp" 305
"../../../Engine/Content/MobileResources/HUD/VirtualJoystick_Background.uasset" 306
"../../../Engine/Content/MobileResources/HUD/VirtualJoystick_Background.uexp" 307
"../../../Engine/Content/MobileResources/HUD/DefaultVirtualJoysticks.uasset" 308
"../../../Engine/Content/MobileResources/HUD/DefaultVirtualJoysticks.uexp" 309
"../../../Engine/Content/MobileResources/HUD/LeftVirtualJoystickOnly.uasset" 310
"../../../Engine/Content/MobileResources/HUD/LeftVirtualJoystickOnly.uexp" 311
"../../../Engine/Content/MobileResources/HUD/MobileHUDButton1_off.uasset" 312
"../../../Engine/Content/MobileResources/HUD/MobileHUDButton1_off.uexp" 313
"../../../Engine/Content/MobileResources/HUD/MobileHUDButton1_on.uasset" 314
"../../../Engine/Content/MobileResources/HUD/MobileHUDButton1_on.uexp" 315
"../../../Engine/Content/MobileResources/HUD/MobileHUDButton2_off.uasset" 316
"../../../Engine/Content/MobileResources/HUD/MobileHUDButton2_off.uexp" 317
"../../../Engine/Content/MobileResources/HUD/MobileHUDButton2_on.uasset" 318
"../../../Engine/Content/MobileResources/HUD/MobileHUDButton2_on.uexp" 319
"../../../Engine/Content/MobileResources/HUD/MobileHUDButton3.uasset" 320
"../../../Engine/Content/MobileResources/HUD/MobileHUDButton3.uexp" 321
"../../../Engine/Content/MobileResources/HUD/MobileHUDButtonFire.uasset" 322
"../../../Engine/Content/MobileResources/HUD/MobileHUDButtonFire.uexp" 323
"../../../Engine/Content/MobileResources/HUD/MobileHUDDirectionPad.uasset" 324
"../../../Engine/Content/MobileResources/HUD/MobileHUDDirectionPad.uexp" 325
"../../../Engine/Content/MobileResources/HUD/MobileHUDDirectionPad2.uasset" 326
"../../../Engine/Content/MobileResources/HUD/MobileHUDDirectionPad2.uexp" 327
"../../../Engine/Content/MobileResources/HUD/MobileHUDDirectionPad3.uasset" 328
"../../../Engine/Content/MobileResources/HUD/MobileHUDDirectionPad3.uexp" 329
"../../../Engine/Content/MobileResources/HUD/MobileHUDDirectionStick.uasset" 330
"../../../Engine/Content/MobileResources/HUD/MobileHUDDirectionStick.uexp" 331
"../../../Engine/Content/MobileResources/HUD/T_Castle_ThumbstickInner.uasset" 332
"../../../Engine/Content/MobileResources/HUD/T_Castle_ThumbstickInner.uexp" 333
"../../../Engine/Content/MobileResources/HUD/T_Castle_ThumbstickOutter.uasset" 334
"../../../Engine/Content/MobileResources/HUD/T_Castle_ThumbstickOutter.uexp" 335
"../../../Engine/Content/Tutorial/ContentIntroCurve.uasset" 336
"../../../Engine/Content/Tutorial/ContentIntroCurve.uexp" 337
"../../../Engine/Content/VREditor/TransformGizmo/TranslucentTransformGizmoMaterial.uasset" 338
"../../../Engine/Content/VREditor/TransformGizmo/TranslucentTransformGizmoMaterial.uexp" 339
"../../../Engine/Content/VREditor/LaserPointer/VR_LaserPower_01.uasset" 340
"../../../Engine/Content/VREditor/LaserPointer/VR_LaserPower_01.uexp" 341
"../../../Engine/Content/VREditor/LaserPointer/VR_LaserPower_01.ubulk" 342
"../../../Engine/Content/VREditor/TransformGizmo/TransformGizmoMaterial.uasset" 343
"../../../Engine/Content/VREditor/TransformGizmo/TransformGizmoMaterial.uexp" 344
"../../../Engine/Content/VREditor/TransformGizmo/BoundingBoxCorner.uasset" 345
"../../../Engine/Content/VREditor/TransformGizmo/BoundingBoxCorner.uexp" 346
"../../../Engine/Content/VREditor/TransformGizmo/BoundingBoxEdge.uasset" 347
"../../../Engine/Content/VREditor/TransformGizmo/BoundingBoxEdge.uexp" 348
"../../../Engine/Content/VREditor/TransformGizmo/PlaneTranslationHandle.uasset" 349
"../../../Engine/Content/VREditor/TransformGizmo/PlaneTranslationHandle.uexp" 350
"../../../Engine/Content/VREditor/TransformGizmo/Xray.uasset" 351
"../../../Engine/Content/VREditor/TransformGizmo/Xray.uexp" 352
"../../../Engine/Content/VREditor/TransformGizmo/Main.uasset" 353
"../../../Engine/Content/VREditor/TransformGizmo/Main.uexp" 354
"../../../Engine/Content/VREditor/TransformGizmo/SM_Sequencer_Key.uasset" 355
"../../../Engine/Content/VREditor/TransformGizmo/SM_Sequencer_Key.uexp" 356
"../../../Engine/Content/VREditor/TransformGizmo/SM_Sequencer_Node.uasset" 357
"../../../Engine/Content/VREditor/TransformGizmo/SM_Sequencer_Node.uexp" 358
"../../../Engine/Plugins/2D/Paper2D/Content/PlaceholderTextures/DummySpriteTexture.uasset" 359
"../../../Engine/Plugins/2D/Paper2D/Content/PlaceholderTextures/DummySpriteTexture.uexp" 360
"../../../Engine/Plugins/2D/Paper2D/Content/PlaceholderTextures/DummySpriteTexture.ubulk" 361
"../../../Engine/Plugins/2D/Paper2D/Content/DummySprite.uasset" 362
"../../../Engine/Plugins/2D/Paper2D/Content/DummySprite.uexp" 363
"../../../Engine/Plugins/2D/Paper2D/Content/DefaultPaperTerrainMaterial.uasset" 364
"../../../Engine/Plugins/2D/Paper2D/Content/DefaultPaperTerrainMaterial.uexp" 365
"../../../Engine/Plugins/2D/Paper2D/Content/DefaultSpriteMaterial.uasset" 366
"../../../Engine/Plugins/2D/Paper2D/Content/DefaultSpriteMaterial.uexp" 367
"../../../Engine/Plugins/2D/Paper2D/Content/MaskedUnlitSpriteMaterial.uasset" 368
"../../../Engine/Plugins/2D/Paper2D/Content/MaskedUnlitSpriteMaterial.uexp" 369
"../../../Engine/Plugins/2D/Paper2D/Content/OpaqueUnlitSpriteMaterial.uasset" 370
"../../../Engine/Plugins/2D/Paper2D/Content/OpaqueUnlitSpriteMaterial.uexp" 371
"../../../Engine/Content/ArtTools/RenderToTexture/Materials/Debug/M_Emissive_Color.uasset" 372
"../../../Engine/Content/ArtTools/RenderToTexture/Materials/Debug/M_Emissive_Color.uexp" 373
"../../../Engine/Content/BasicShapes/Cylinder.uasset" 374
"../../../Engine/Content/BasicShapes/Cylinder.uexp" 375
"../../../Engine/Plugins/Lumin/MagicLeapPassableWorld/Content/MagicLeapARPinInfoActor.uasset" 376
"../../../Engine/Plugins/Lumin/MagicLeapPassableWorld/Content/MagicLeapARPinInfoActor.uexp" 377
"../../../Engine/Plugins/Runtime/OpenXR/Content/Devices/GoogleDaydream/MRTexture.uasset" 378
"../../../Engine/Plugins/Runtime/OpenXR/Content/Devices/GoogleDaydream/MRTexture.uexp" 379
"../../../Engine/Plugins/Runtime/OpenXR/Content/Devices/GoogleDaydream/MRTexture.ubulk" 380
"../../../Engine/Plugins/Runtime/OpenXR/Content/Devices/GoogleDaydream/BaseTexture.uasset" 381
"../../../Engine/Plugins/Runtime/OpenXR/Content/Devices/GoogleDaydream/BaseTexture.uexp" 382
"../../../Engine/Plugins/Runtime/OpenXR/Content/Devices/GoogleDaydream/BaseTexture.ubulk" 383
"../../../Engine/Content/EngineResources/Black.uasset" 384
"../../../Engine/Content/EngineResources/Black.uexp" 385
"../../../Engine/Plugins/Runtime/OpenXR/Content/Devices/M_XRController.uasset" 386
"../../../Engine/Plugins/Runtime/OpenXR/Content/Devices/M_XRController.uexp" 387
"../../../Engine/Plugins/Runtime/OpenXR/Content/Devices/GoogleDaydream/MI_GoogleDaydream.uasset" 388
"../../../Engine/Plugins/Runtime/OpenXR/Content/Devices/GoogleDaydream/MI_GoogleDaydream.uexp" 389
"../../../Engine/Plugins/Runtime/OpenXR/Content/Devices/GoogleDaydream/GoogleDaydreamController.uasset" 390
"../../../Engine/Plugins/Runtime/OpenXR/Content/Devices/GoogleDaydream/GoogleDaydreamController.uexp" 391
"../../../Engine/Plugins/Runtime/OpenXR/Content/Devices/HTCVive/BaseTexture.uasset" 392
"../../../Engine/Plugins/Runtime/OpenXR/Content/Devices/HTCVive/BaseTexture.uexp" 393
"../../../Engine/Plugins/Runtime/OpenXR/Content/Devices/HTCVive/BaseTexture.ubulk" 394
"../../../Engine/Plugins/Runtime/OpenXR/Content/Devices/HTCVive/MI_HTCVive.uasset" 395
"../../../Engine/Plugins/Runtime/OpenXR/Content/Devices/HTCVive/MI_HTCVive.uexp" 396
"../../../Engine/Plugins/Runtime/OpenXR/Content/Devices/HTCVive/HTCViveController.uasset" 397
"../../../Engine/Plugins/Runtime/OpenXR/Content/Devices/HTCVive/HTCViveController.uexp" 398
"../../../Engine/Plugins/Runtime/OpenXR/Content/Devices/MicrosoftMixedReality/NormalTexture.uasset" 399
"../../../Engine/Plugins/Runtime/OpenXR/Content/Devices/MicrosoftMixedReality/NormalTexture.uexp" 400
"../../../Engine/Plugins/Runtime/OpenXR/Content/Devices/MicrosoftMixedReality/NormalTexture.ubulk" 401
"../../../Engine/Plugins/Runtime/OpenXR/Content/Devices/MicrosoftMixedReality/MRTexture.uasset" 402
"../../../Engine/Plugins/Runtime/OpenXR/Content/Devices/MicrosoftMixedReality/MRTexture.uexp" 403
"../../../Engine/Plugins/Runtime/OpenXR/Content/Devices/MicrosoftMixedReality/MRTexture.ubulk" 404
"../../../Engine/Plugins/Runtime/OpenXR/Content/Devices/MicrosoftMixedReality/EmissiveTexture.uasset" 405
"../../../Engine/Plugins/Runtime/OpenXR/Content/Devices/MicrosoftMixedReality/EmissiveTexture.uexp" 406
"../../../Engine/Plugins/Runtime/OpenXR/Content/Devices/MicrosoftMixedReality/EmissiveTexture.ubulk" 407
"../../../Engine/Plugins/Runtime/OpenXR/Content/Devices/MicrosoftMixedReality/BaseTexture.uasset" 408
"../../../Engine/Plugins/Runtime/OpenXR/Content/Devices/MicrosoftMixedReality/BaseTexture.uexp" 409
"../../../Engine/Plugins/Runtime/OpenXR/Content/Devices/MicrosoftMixedReality/BaseTexture.ubulk" 410
"../../../Engine/Plugins/Runtime/OpenXR/Content/Devices/MicrosoftMixedReality/MI_MicrosoftMixedReality.uasset" 411
"../../../Engine/Plugins/Runtime/OpenXR/Content/Devices/MicrosoftMixedReality/MI_MicrosoftMixedReality.uexp" 412
"../../../Engine/Plugins/Runtime/OpenXR/Content/Devices/MicrosoftMixedReality/Left/left_MicrosoftMixedRealityController.uasset" 413
"../../../Engine/Plugins/Runtime/OpenXR/Content/Devices/MicrosoftMixedReality/Left/left_MicrosoftMixedRealityController.uexp" 414
"../../../Engine/Plugins/Runtime/OpenXR/Content/Devices/MicrosoftMixedReality/Right/right_MicrosoftMixedRealityController.uasset" 415
"../../../Engine/Plugins/Runtime/OpenXR/Content/Devices/MicrosoftMixedReality/Right/right_MicrosoftMixedRealityController.uexp" 416
"../../../Engine/Plugins/Runtime/OpenXR/Content/Devices/OculusGo/BaseTexture.uasset" 417
"../../../Engine/Plugins/Runtime/OpenXR/Content/Devices/OculusGo/BaseTexture.uexp" 418
"../../../Engine/Plugins/Runtime/OpenXR/Content/Devices/OculusGo/BaseTexture.ubulk" 419
"../../../Engine/Plugins/Runtime/OpenXR/Content/Devices/OculusGo/MI_OculusGo.uasset" 420
"../../../Engine/Plugins/Runtime/OpenXR/Content/Devices/OculusGo/MI_OculusGo.uexp" 421
"../../../Engine/Plugins/Runtime/OpenXR/Content/Devices/OculusGo/OculusGoController.uasset" 422
"../../../Engine/Plugins/Runtime/OpenXR/Content/Devices/OculusGo/OculusGoController.uexp" 423
"../../../Engine/Plugins/Runtime/OpenXR/Content/Devices/OculusTouch/MRTexture.uasset" 424
"../../../Engine/Plugins/Runtime/OpenXR/Content/Devices/OculusTouch/MRTexture.uexp" 425
"../../../Engine/Plugins/Runtime/OpenXR/Content/Devices/OculusTouch/MRTexture.ubulk" 426
"../../../Engine/Plugins/Runtime/OpenXR/Content/Devices/OculusTouch/BaseTexture.uasset" 427
"../../../Engine/Plugins/Runtime/OpenXR/Content/Devices/OculusTouch/BaseTexture.uexp" 428
"../../../Engine/Plugins/Runtime/OpenXR/Content/Devices/OculusTouch/BaseTexture.ubulk" 429
"../../../Engine/Plugins/Runtime/OpenXR/Content/Devices/OculusTouch/MI_OculusTouch.uasset" 430
"../../../Engine/Plugins/Runtime/OpenXR/Content/Devices/OculusTouch/MI_OculusTouch.uexp" 431
"../../../Engine/Plugins/Runtime/OpenXR/Content/Devices/OculusTouch/Left/left_OculusTouchController.uasset" 432
"../../../Engine/Plugins/Runtime/OpenXR/Content/Devices/OculusTouch/Left/left_OculusTouchController.uexp" 433
"../../../Engine/Plugins/Runtime/OpenXR/Content/Devices/OculusTouch/Right/right_OculusTouchController.uasset" 434
"../../../Engine/Plugins/Runtime/OpenXR/Content/Devices/OculusTouch/Right/right_OculusTouchController.uexp" 435
"../../../Engine/Plugins/Runtime/OpenXR/Content/Devices/OculusTouch_v2/MRTexture.uasset" 436
"../../../Engine/Plugins/Runtime/OpenXR/Content/Devices/OculusTouch_v2/MRTexture.uexp" 437
"../../../Engine/Plugins/Runtime/OpenXR/Content/Devices/OculusTouch_v2/MRTexture.ubulk" 438
"../../../Engine/Plugins/Runtime/OpenXR/Content/Devices/OculusTouch_v2/BaseTexture.uasset" 439
"../../../Engine/Plugins/Runtime/OpenXR/Content/Devices/OculusTouch_v2/BaseTexture.uexp" 440
"../../../Engine/Plugins/Runtime/OpenXR/Content/Devices/OculusTouch_v2/BaseTexture.ubulk" 441
"../../../Engine/Plugins/Runtime/OpenXR/Content/Devices/OculusTouch_v2/MI_OculusTouch_v2.uasset" 442
"../../../Engine/Plugins/Runtime/OpenXR/Content/Devices/OculusTouch_v2/MI_OculusTouch_v2.uexp" 443
"../../../Engine/Plugins/Runtime/OpenXR/Content/Devices/OculusTouch_v2/Left/left_OculusTouch_v2Controller.uasset" 444
"../../../Engine/Plugins/Runtime/OpenXR/Content/Devices/OculusTouch_v2/Left/left_OculusTouch_v2Controller.uexp" 445
"../../../Engine/Plugins/Runtime/OpenXR/Content/Devices/OculusTouch_v2/Right/right_OculusTouch_v2Controller.uasset" 446
"../../../Engine/Plugins/Runtime/OpenXR/Content/Devices/OculusTouch_v2/Right/right_OculusTouch_v2Controller.uexp" 447
"../../../Engine/Plugins/Runtime/OpenXR/Content/Devices/OculusTouch_v3/MRTexture.uasset" 448
"../../../Engine/Plugins/Runtime/OpenXR/Content/Devices/OculusTouch_v3/MRTexture.uexp" 449
"../../../Engine/Plugins/Runtime/OpenXR/Content/Devices/OculusTouch_v3/MRTexture.ubulk" 450
"../../../Engine/Plugins/Runtime/OpenXR/Content/Devices/OculusTouch_v3/BaseTexture.uasset" 451
"../../../Engine/Plugins/Runtime/OpenXR/Content/Devices/OculusTouch_v3/BaseTexture.uexp" 452
"../../../Engine/Plugins/Runtime/OpenXR/Content/Devices/OculusTouch_v3/BaseTexture.ubulk" 453
"../../../Engine/Plugins/Runtime/OpenXR/Content/Devices/OculusTouch_v3/MI_OculusTouch_v3.uasset" 454
"../../../Engine/Plugins/Runtime/OpenXR/Content/Devices/OculusTouch_v3/MI_OculusTouch_v3.uexp" 455
"../../../Engine/Plugins/Runtime/OpenXR/Content/Devices/OculusTouch_v3/Left/left_OculusTouch_v3Controller.uasset" 456
"../../../Engine/Plugins/Runtime/OpenXR/Content/Devices/OculusTouch_v3/Left/left_OculusTouch_v3Controller.uexp" 457
"../../../Engine/Plugins/Runtime/OpenXR/Content/Devices/OculusTouch_v3/Right/right_OculusTouch_v3Controller.uasset" 458
"../../../Engine/Plugins/Runtime/OpenXR/Content/Devices/OculusTouch_v3/Right/right_OculusTouch_v3Controller.uexp" 459
"../../../Engine/Plugins/Runtime/OpenXR/Content/Devices/ValveIndex/MRTexture.uasset" 460
"../../../Engine/Plugins/Runtime/OpenXR/Content/Devices/ValveIndex/MRTexture.uexp" 461
"../../../Engine/Plugins/Runtime/OpenXR/Content/Devices/ValveIndex/MRTexture.ubulk" 462
"../../../Engine/Plugins/Runtime/OpenXR/Content/Devices/ValveIndex/BaseTexture.uasset" 463
"../../../Engine/Plugins/Runtime/OpenXR/Content/Devices/ValveIndex/BaseTexture.uexp" 464
"../../../Engine/Plugins/Runtime/OpenXR/Content/Devices/ValveIndex/BaseTexture.ubulk" 465
"../../../Engine/Plugins/Runtime/OpenXR/Content/Devices/ValveIndex/Left/MI_left_ValveIndex.uasset" 466
"../../../Engine/Plugins/Runtime/OpenXR/Content/Devices/ValveIndex/Left/MI_left_ValveIndex.uexp" 467
"../../../Engine/Plugins/Runtime/OpenXR/Content/Devices/ValveIndex/Left/left_ValveIndexController.uasset" 468
"../../../Engine/Plugins/Runtime/OpenXR/Content/Devices/ValveIndex/Left/left_ValveIndexController.uexp" 469
"../../../Engine/Plugins/Runtime/OpenXR/Content/Devices/ValveIndex/Right/MI_right_ValveIndex.uasset" 470
"../../../Engine/Plugins/Runtime/OpenXR/Content/Devices/ValveIndex/Right/MI_right_ValveIndex.uexp" 471
"../../../Engine/Plugins/Runtime/OpenXR/Content/Devices/ValveIndex/Right/right_ValveIndexController.uasset" 472
"../../../Engine/Plugins/Runtime/OpenXR/Content/Devices/ValveIndex/Right/right_ValveIndexController.uexp" 473
"../../../Engine/Content/Functions/Engine_MaterialFunctions02/Utility/VectorLength.uasset" 474
"../../../Engine/Content/Functions/Engine_MaterialFunctions02/Utility/VectorLength.uexp" 475
"../../../Engine/Content/Functions/Engine_MaterialFunctions02/ObjectLocalBounds.uasset" 476
"../../../Engine/Content/Functions/Engine_MaterialFunctions02/ObjectLocalBounds.uexp" 477
"../../../Engine/Content/Functions/Engine_MaterialFunctions02/Utility/BreakOutFloat3Components.uasset" 478
"../../../Engine/Content/Functions/Engine_MaterialFunctions02/Utility/BreakOutFloat3Components.uexp" 479
"../../../Engine/Plugins/Editor/SpeedTreeImporter/Content/SpeedTree9/UnpackInteger3.uasset" 480
"../../../Engine/Plugins/Editor/SpeedTreeImporter/Content/SpeedTree9/UnpackInteger3.uexp" 481
"../../../Engine/Plugins/Editor/SpeedTreeImporter/Content/SpeedTree9/UnpackDirection.uasset" 482
"../../../Engine/Plugins/Editor/SpeedTreeImporter/Content/SpeedTree9/UnpackDirection.uexp" 483
"../../../Engine/Plugins/Editor/SpeedTreeImporter/Content/SpeedTree9/game_wind_noise.uasset" 484
"../../../Engine/Plugins/Editor/SpeedTreeImporter/Content/SpeedTree9/game_wind_noise.uexp" 485
"../../../Engine/Plugins/Editor/SpeedTreeImporter/Content/SpeedTree9/game_wind_noise.ubulk" 486
"../../../Engine/Content/Functions/Engine_MaterialFunctions02/SafeNormalize.uasset" 487
"../../../Engine/Content/Functions/Engine_MaterialFunctions02/SafeNormalize.uexp" 488
"../../../Engine/Plugins/Editor/SpeedTreeImporter/Content/SpeedTree9/SpeedTreeWindMotion.uasset" 489
"../../../Engine/Plugins/Editor/SpeedTreeImporter/Content/SpeedTree9/SpeedTreeWindMotion.uexp" 490
"../../../Engine/Plugins/Editor/SpeedTreeImporter/Content/SpeedTree9/SpeedTreeBranchMotion.uasset" 491
"../../../Engine/Plugins/Editor/SpeedTreeImporter/Content/SpeedTree9/SpeedTreeBranchMotion.uexp" 492
"../../../Engine/Content/Functions/Engine_MaterialFunctions02/UVs/BoundingBoxBased_0-1_UVW.uasset" 493
"../../../Engine/Content/Functions/Engine_MaterialFunctions02/UVs/BoundingBoxBased_0-1_UVW.uexp" 494
"../../../Engine/Content/Functions/Engine_MaterialFunctions02/WorldPositionOffset/ObjectScale.uasset" 495
"../../../Engine/Content/Functions/Engine_MaterialFunctions02/WorldPositionOffset/ObjectScale.uexp" 496
"../../../Engine/Plugins/Editor/SpeedTreeImporter/Content/SpeedTree9/SpeedTreeWind.uasset" 497
"../../../Engine/Plugins/Editor/SpeedTreeImporter/Content/SpeedTree9/SpeedTreeWind.uexp" 498
"../../../Engine/Plugins/Editor/SpeedTreeImporter/Content/SpeedTree9/SpeedTreeBillboard.uasset" 499
"../../../Engine/Plugins/Editor/SpeedTreeImporter/Content/SpeedTree9/SpeedTreeBillboard.uexp" 500
"../../../Engine/Plugins/Editor/SpeedTreeImporter/Content/SpeedTree9/EmptyNormal.uasset" 501
"../../../Engine/Plugins/Editor/SpeedTreeImporter/Content/SpeedTree9/EmptyNormal.uexp" 502
"../../../Engine/Plugins/Editor/SpeedTreeImporter/Content/SpeedTree9/Empty.uasset" 503
"../../../Engine/Plugins/Editor/SpeedTreeImporter/Content/SpeedTree9/Empty.uexp" 504
"../../../Engine/Plugins/Editor/SpeedTreeImporter/Content/SpeedTree9/SpeedTreeBillboardMaster.uasset" 505
"../../../Engine/Plugins/Editor/SpeedTreeImporter/Content/SpeedTree9/SpeedTreeBillboardMaster.uexp" 506
"../../../Engine/Plugins/Editor/SpeedTreeImporter/Content/SpeedTree9/SpeedTreeCameraFacing.uasset" 507
"../../../Engine/Plugins/Editor/SpeedTreeImporter/Content/SpeedTree9/SpeedTreeCameraFacing.uexp" 508
"../../../Engine/Plugins/Editor/SpeedTreeImporter/Content/SpeedTree9/SpeedTreeMaster.uasset" 509
"../../../Engine/Plugins/Editor/SpeedTreeImporter/Content/SpeedTree9/SpeedTreeMaster.uexp" 510
"../../../Engine/Content/Functions/Engine_MaterialFunctions02/Utility/BreakOutFloat4Components.uasset" 511
"../../../Engine/Content/Functions/Engine_MaterialFunctions02/Utility/BreakOutFloat4Components.uexp" 512
"../../../Engine/Content/Functions/Engine_MaterialFunctions02/Utility/MakeFloat3.uasset" 513
"../../../Engine/Content/Functions/Engine_MaterialFunctions02/Utility/MakeFloat3.uexp" 514
"../../../Engine/Plugins/Runtime/Oculus/OculusVR/Content/Materials/OculusMR_ChromaKey.uasset" 515
"../../../Engine/Plugins/Runtime/Oculus/OculusVR/Content/Materials/OculusMR_ChromaKey.uexp" 516
"../../../Engine/Plugins/Runtime/Oculus/OculusVR/Content/Materials/OculusMR_OpaqueColoredMaterial.uasset" 517
"../../../Engine/Plugins/Runtime/Oculus/OculusVR/Content/Materials/OculusMR_OpaqueColoredMaterial.uexp" 518
"../../../Engine/Plugins/Runtime/Oculus/OculusVR/Content/Materials/PokeAHoleMaterial.uasset" 519
"../../../Engine/Plugins/Runtime/Oculus/OculusVR/Content/Materials/PokeAHoleMaterial.uexp" 520
"../../../Engine/Plugins/Runtime/Oculus/OculusVR/Content/Textures/touchController_controlmap.uasset" 521
"../../../Engine/Plugins/Runtime/Oculus/OculusVR/Content/Textures/touchController_controlmap.uexp" 522
"../../../Engine/Plugins/Runtime/Oculus/OculusVR/Content/Textures/touchController_controlmap.ubulk" 523
"../../../Engine/Plugins/Runtime/Oculus/OculusVR/Content/Textures/touchController_albedo.uasset" 524
"../../../Engine/Plugins/Runtime/Oculus/OculusVR/Content/Textures/touchController_albedo.uexp" 525
"../../../Engine/Plugins/Runtime/Oculus/OculusVR/Content/Textures/touchController_albedo.ubulk" 526
"../../../Engine/Plugins/Runtime/Oculus/OculusVR/Content/Materials/touchController_mat.uasset" 527
"../../../Engine/Plugins/Runtime/Oculus/OculusVR/Content/Materials/touchController_mat.uexp" 528
"../../../Engine/Plugins/Runtime/Oculus/OculusVR/Content/Meshes/LeftTouchController.uasset" 529
"../../../Engine/Plugins/Runtime/Oculus/OculusVR/Content/Meshes/LeftTouchController.uexp" 530
"../../../Engine/Plugins/Runtime/Oculus/OculusVR/Content/Textures/TouchForQuestRiftSController_albedo.uasset" 531
"../../../Engine/Plugins/Runtime/Oculus/OculusVR/Content/Textures/TouchForQuestRiftSController_albedo.uexp" 532
"../../../Engine/Plugins/Runtime/Oculus/OculusVR/Content/Textures/TouchForQuestRiftSController_albedo.ubulk" 533
"../../../Engine/Plugins/Runtime/Oculus/OculusVR/Content/Materials/TouchForQuestRiftSControllerMaterial.uasset" 534
"../../../Engine/Plugins/Runtime/Oculus/OculusVR/Content/Materials/TouchForQuestRiftSControllerMaterial.uexp" 535
"../../../Engine/Plugins/Runtime/Oculus/OculusVR/Content/Meshes/LeftTouchForQuestRiftSController.uasset" 536
"../../../Engine/Plugins/Runtime/Oculus/OculusVR/Content/Meshes/LeftTouchForQuestRiftSController.uexp" 537
"../../../Engine/Plugins/Runtime/Oculus/OculusVR/Content/Meshes/RiftHMD.uasset" 538
"../../../Engine/Plugins/Runtime/Oculus/OculusVR/Content/Meshes/RiftHMD.uexp" 539
"../../../Engine/Plugins/Runtime/Oculus/OculusVR/Content/Meshes/RightTouchController.uasset" 540
"../../../Engine/Plugins/Runtime/Oculus/OculusVR/Content/Meshes/RightTouchController.uexp" 541
"../../../Engine/Plugins/Runtime/Oculus/OculusVR/Content/Meshes/RightTouchForQuestRiftSController.uasset" 542
"../../../Engine/Plugins/Runtime/Oculus/OculusVR/Content/Meshes/RightTouchForQuestRiftSController.uexp" 543
"../../../Engine/Content/MapTemplates/daylight.uasset" 544
"../../../Engine/Content/MapTemplates/daylight.uexp" 545
"../../../Engine/Content/EngineSky/T_Sky_Stars.uasset" 546
"../../../Engine/Content/EngineSky/T_Sky_Stars.uexp" 547
"../../../Engine/Content/EngineSky/T_Sky_Stars.ubulk" 548
"../../../Engine/Content/EngineSky/T_Sky_Clouds_M.uasset" 549
"../../../Engine/Content/EngineSky/T_Sky_Clouds_M.uexp" 550
"../../../Engine/Content/EngineSky/T_Sky_Clouds_M.ubulk" 551
"../../../Engine/Content/EngineSky/T_Sky_Blue.uasset" 552
"../../../Engine/Content/EngineSky/T_Sky_Blue.uexp" 553
"../../../Engine/Content/EngineSky/T_Sky_Blue.ubulk" 554
"../../../Engine/Content/EngineSky/M_Sky_Panning_Clouds2.uasset" 555
"../../../Engine/Content/EngineSky/M_Sky_Panning_Clouds2.uexp" 556
"V:/UnrealProjects/MineCrafty/Content/FirstPersonCPP/Maps/Game_BuiltData.uasset" 557
"V:/UnrealProjects/MineCrafty/Content/FirstPersonCPP/Maps/Game_BuiltData.uexp" 558
"../../../Engine/Content/EditorBlueprintResources/StandardMacros.uasset" 559
"../../../Engine/Content/EditorBlueprintResources/StandardMacros.uexp" 560
"../../../Engine/Content/EngineSky/SM_SkySphere.uasset" 561
"../../../Engine/Content/EngineSky/SM_SkySphere.uexp" 562
"../../../Engine/Content/EngineSky/C_Sky_Zenith_Color.uasset" 563
"../../../Engine/Content/EngineSky/C_Sky_Zenith_Color.uexp" 564
"../../../Engine/Content/EngineSky/C_Sky_Horizon_Color.uasset" 565
"../../../Engine/Content/EngineSky/C_Sky_Horizon_Color.uexp" 566
"../../../Engine/Content/EngineSky/C_Sky_Cloud_Color.uasset" 567
"../../../Engine/Content/EngineSky/C_Sky_Cloud_Color.uexp" 568
"../../../Engine/Content/EngineSky/BP_Sky_Sphere.uasset" 569
"../../../Engine/Content/EngineSky/BP_Sky_Sphere.uexp" 570
"../../../Engine/Content/EngineFonts/Faces/RobotoTiny.uasset" 571
"../../../Engine/Content/EngineFonts/Faces/RobotoTiny.uexp" 572
"../../../Engine/Content/EngineFonts/Faces/RobotoTiny.ufont" 573
"../../../Engine/Content/EngineFonts/RobotoTiny.uasset" 574
"../../../Engine/Content/EngineFonts/RobotoTiny.uexp" 575
"V:/UnrealProjects/MineCrafty/Content/Widget/Widget_Close.uasset" 576
"V:/UnrealProjects/MineCrafty/Content/Widget/Widget_Close.uexp" 577
"../../../Engine/Content/EditorMeshes/SkeletalMesh/DefaultSkeletalMesh_Skeleton.uasset" 578
"../../../Engine/Content/EditorMeshes/SkeletalMesh/DefaultSkeletalMesh_Skeleton.uexp" 579
"../../../Engine/Content/EditorMeshes/SkeletalMesh/DefaultSkeletalMesh.uasset" 580
"../../../Engine/Content/EditorMeshes/SkeletalMesh/DefaultSkeletalMesh.uexp" 581
"V:/UnrealProjects/MineCrafty/Content/FirstPerson/Character/Mesh/SK_Mannequin_Arms_PhysicsAsset.uasset" 582
"V:/UnrealProjects/MineCrafty/Content/FirstPerson/Character/Mesh/SK_Mannequin_Arms_PhysicsAsset.uexp" 583
"V:/UnrealProjects/MineCrafty/Content/FirstPerson/Character/Textures/UE4_Mannequin_MAT_MASKA.uasset" 584
"V:/UnrealProjects/MineCrafty/Content/FirstPerson/Character/Textures/UE4_Mannequin_MAT_MASKA.uexp" 585
"V:/UnrealProjects/MineCrafty/Content/FirstPerson/Character/Textures/UE4_Mannequin_MAT_MASKA.ubulk" 586
"V:/UnrealProjects/MineCrafty/Content/FirstPerson/Character/Textures/UE4_Mannequin__normals.uasset" 587
"V:/UnrealProjects/MineCrafty/Content/FirstPerson/Character/Textures/UE4_Mannequin__normals.uexp" 588
"V:/UnrealProjects/MineCrafty/Content/FirstPerson/Character/Textures/UE4_Mannequin__normals.ubulk" 589
"V:/UnrealProjects/MineCrafty/Content/FirstPerson/Character/Materials/MaterialLayers/T_ML_Aluminum01_N.uasset" 590
"V:/UnrealProjects/MineCrafty/Content/FirstPerson/Character/Materials/MaterialLayers/T_ML_Aluminum01_N.uexp" 591
"V:/UnrealProjects/MineCrafty/Content/FirstPerson/Character/Materials/MaterialLayers/T_ML_Aluminum01_N.ubulk" 592
"V:/UnrealProjects/MineCrafty/Content/FirstPerson/Character/Materials/MaterialLayers/T_ML_Aluminum01.uasset" 593
"V:/UnrealProjects/MineCrafty/Content/FirstPerson/Character/Materials/MaterialLayers/T_ML_Aluminum01.uexp" 594
"V:/UnrealProjects/MineCrafty/Content/FirstPerson/Character/Materials/MaterialLayers/T_ML_Aluminum01.ubulk" 595
"V:/UnrealProjects/MineCrafty/Content/FirstPerson/Character/Materials/MaterialLayers/ML_SoftMetal_UE4.uasset" 596
"V:/UnrealProjects/MineCrafty/Content/FirstPerson/Character/Materials/MaterialLayers/ML_SoftMetal_UE4.uexp" 597
"V:/UnrealProjects/MineCrafty/Content/FirstPerson/Character/Textures/UE4_LOGO_CARD.uasset" 598
"V:/UnrealProjects/MineCrafty/Content/FirstPerson/Character/Textures/UE4_LOGO_CARD.uexp" 599
"V:/UnrealProjects/MineCrafty/Content/FirstPerson/Character/Textures/UE4_LOGO_CARD.ubulk" 600
"V:/UnrealProjects/MineCrafty/Content/FirstPerson/Character/Materials/MaterialLayers/ML_Plastic_Shiny_Beige_LOGO.uasset" 601
"V:/UnrealProjects/MineCrafty/Content/FirstPerson/Character/Materials/MaterialLayers/ML_Plastic_Shiny_Beige_LOGO.uexp" 602
"V:/UnrealProjects/MineCrafty/Content/FirstPerson/Character/Materials/MaterialLayers/ML_Plastic_Shiny_Beige.uasset" 603
"V:/UnrealProjects/MineCrafty/Content/FirstPerson/Character/Materials/MaterialLayers/ML_Plastic_Shiny_Beige.uexp" 604
"V:/UnrealProjects/MineCrafty/Content/FirstPerson/Character/Materials/MaterialLayers/T_ML_Rubber_Blue_01_N.uasset" 605
"V:/UnrealProjects/MineCrafty/Content/FirstPerson/Character/Materials/MaterialLayers/T_ML_Rubber_Blue_01_N.uexp" 606
"V:/UnrealProjects/MineCrafty/Content/FirstPerson/Character/Materials/MaterialLayers/T_ML_Rubber_Blue_01_N.ubulk" 607
"V:/UnrealProjects/MineCrafty/Content/FirstPerson/Character/Materials/MaterialLayers/T_ML_Rubber_Blue_01_D.uasset" 608
"V:/UnrealProjects/MineCrafty/Content/FirstPerson/Character/Materials/MaterialLayers/T_ML_Rubber_Blue_01_D.uexp" 609
"V:/UnrealProjects/MineCrafty/Content/FirstPerson/Character/Materials/MaterialLayers/T_ML_Rubber_Blue_01_D.ubulk" 610
"V:/UnrealProjects/MineCrafty/Content/FirstPerson/Character/Materials/MaterialLayers/ML_GlossyBlack_Latex_UE4.uasset" 611
"V:/UnrealProjects/MineCrafty/Content/FirstPerson/Character/Materials/MaterialLayers/ML_GlossyBlack_Latex_UE4.uexp" 612
"../../../Engine/Content/Functions/MaterialLayerFunctions/MatLayerBlend_Simple.uasset" 613
"../../../Engine/Content/Functions/MaterialLayerFunctions/MatLayerBlend_Simple.uexp" 614
"../../../Engine/Content/Functions/Engine_MaterialFunctions02/Utility/BlendAngleCorrectedNormals.uasset" 615
"../../../Engine/Content/Functions/Engine_MaterialFunctions02/Utility/BlendAngleCorrectedNormals.uexp" 616
"../../../Engine/Content/Functions/MaterialLayerFunctions/MatLayerBlend_NormalBlend.uasset" 617
"../../../Engine/Content/Functions/MaterialLayerFunctions/MatLayerBlend_NormalBlend.uexp" 618
"V:/UnrealProjects/MineCrafty/Content/FirstPerson/Character/Materials/M_UE4Man_Body.uasset" 619
"V:/UnrealProjects/MineCrafty/Content/FirstPerson/Character/Materials/M_UE4Man_Body.uexp" 620
"V:/UnrealProjects/MineCrafty/Content/FirstPerson/Character/Mesh/SK_Mannequin_Arms_Skeleton.uasset" 621
"V:/UnrealProjects/MineCrafty/Content/FirstPerson/Character/Mesh/SK_Mannequin_Arms_Skeleton.uexp" 622
"V:/UnrealProjects/MineCrafty/Content/FirstPerson/Character/Mesh/SK_Mannequin_Arms.uasset" 623
"V:/UnrealProjects/MineCrafty/Content/FirstPerson/Character/Mesh/SK_Mannequin_Arms.uexp" 624
"V:/UnrealProjects/MineCrafty/Content/FirstPerson/Audio/FirstPersonTemplateWeaponFire02.uasset" 625
"V:/UnrealProjects/MineCrafty/Content/FirstPerson/Audio/FirstPersonTemplateWeaponFire02.uexp" 626
"V:/UnrealProjects/MineCrafty/Content/FirstPerson/Animations/FirstPerson_Run.uasset" 627
"V:/UnrealProjects/MineCrafty/Content/FirstPerson/Animations/FirstPerson_Run.uexp" 628
"V:/UnrealProjects/MineCrafty/Content/FirstPerson/Animations/FirstPerson_JumpStart.uasset" 629
"V:/UnrealProjects/MineCrafty/Content/FirstPerson/Animations/FirstPerson_JumpStart.uexp" 630
"V:/UnrealProjects/MineCrafty/Content/FirstPerson/Animations/FirstPerson_JumpLoop.uasset" 631
"V:/UnrealProjects/MineCrafty/Content/FirstPerson/Animations/FirstPerson_JumpLoop.uexp" 632
"V:/UnrealProjects/MineCrafty/Content/FirstPerson/Animations/FirstPerson_JumpEnd.uasset" 633
"V:/UnrealProjects/MineCrafty/Content/FirstPerson/Animations/FirstPerson_JumpEnd.uexp" 634
"V:/UnrealProjects/MineCrafty/Content/FirstPerson/Animations/FirstPerson_Idle.uasset" 635
"V:/UnrealProjects/MineCrafty/Content/FirstPerson/Animations/FirstPerson_Idle.uexp" 636
"V:/UnrealProjects/MineCrafty/Content/FirstPerson/Animations/FirstPerson_AnimBP.uasset" 637
"V:/UnrealProjects/MineCrafty/Content/FirstPerson/Animations/FirstPerson_AnimBP.uexp" 638
"V:/UnrealProjects/MineCrafty/Content/FirstPerson/Animations/FirstPerson_Fire.uasset" 639
"V:/UnrealProjects/MineCrafty/Content/FirstPerson/Animations/FirstPerson_Fire.uexp" 640
"V:/UnrealProjects/MineCrafty/Content/FirstPerson/Animations/FirstPersonFire_Montage.uasset" 641
"V:/UnrealProjects/MineCrafty/Content/FirstPerson/Animations/FirstPersonFire_Montage.uexp" 642
"V:/UnrealProjects/MineCrafty/Content/FirstPersonCPP/Blueprints/FirstPersonCharacter.uasset" 643
"V:/UnrealProjects/MineCrafty/Content/FirstPersonCPP/Blueprints/FirstPersonCharacter.uexp" 644
"V:/UnrealProjects/MineCrafty/Content/Geometry/Meshes/1M_Cube.uasset" 645
"V:/UnrealProjects/MineCrafty/Content/Geometry/Meshes/1M_Cube.uexp" 646
"V:/UnrealProjects/MineCrafty/Content/FirstPersonCPP/Blueprints/MyBlock.uasset" 647
"V:/UnrealProjects/MineCrafty/Content/FirstPersonCPP/Blueprints/MyBlock.uexp" 648
"V:/UnrealProjects/MineCrafty/Content/FirstPersonCPP/Maps/Game.uexp" 649
"V:/UnrealProjects/MineCrafty/Content/FirstPersonCPP/Maps/Game.umap" 650
"../../../Engine/Content/Maps/Entry_BuiltData.uasset" 651
"../../../Engine/Content/Maps/Entry_BuiltData.uexp" 652
"../../../Engine/Content/Maps/Entry.uexp" 653
"../../../Engine/Content/Maps/Entry.umap" 654
